Build started 30/03/2014 09:31:28 p.m..
     1>Project "C:\random-fiuba-game\randomgame\libs\Bmp\Example\Example\Example.vcxproj" on node 2 (build target(s)).
     1>InitializeBuildStatus:
         Creating "Debug\Example.unsuccessfulbuild" because "AlwaysCreate" was specified.
       ClCompile:
         c:\Program Files (x86)\Microsoft Visual Studio 10.0\VC\bin\CL.exe /c /ZI /nologo /W3 /WX- /Od /Oy- /D _MBCS /Gm /EHsc /RTC1 /MDd /GS /fp:precise /Zc:wchar_t /Zc:forScope /Fo"Debug\\" /Fd"Debug\vc100.pdb" /Gd /TP /analyze- /errorReport:prompt ..\..\main.cpp
         main.cpp
       Link:
         c:\Program Files (x86)\Microsoft Visual Studio 10.0\VC\bin\link.exe /ERRORREPORT:PROMPT /OUT:"C:\random-fiuba-game\randomgame\libs\Bmp\Example\Debug\Example.exe" /NOLOGO kernel32.lib user32.lib gdi32.lib winspool.lib comdlg32.lib advapi32.lib shell32.lib ole32.lib oleaut32.lib uuid.lib odbc32.lib odbccp32.lib /MANIFEST /ManifestFile:"Debug\Example.exe.intermediate.manifest" /MANIFESTUAC:"level='asInvoker' uiAccess='false'" /DEBUG /PDB:"C:\random-fiuba-game\randomgame\libs\Bmp\Example\Debug\Example.pdb" /TLBID:1 /DYNAMICBASE /NXCOMPAT /IMPLIB:"C:\random-fiuba-game\randomgame\libs\Bmp\Example\Debug\Example.lib" /MACHINE:X86 Debug\Bmp.obj
         Debug\ColorBlack.obj
         Debug\ColorBmp.obj
         Debug\ColorRgb.obj
         Debug\ColorWhite.obj
         Debug\ContourBmp.obj
         Debug\DataBmp.obj
         Debug\main.obj
         Debug\PixelBmp.obj
         Debug\Position.obj
         LINK : C:\random-fiuba-game\randomgame\libs\Bmp\Example\Debug\Example.exe not found or not built by the last incremental link; performing full link
         Example.vcxproj -> C:\random-fiuba-game\randomgame\libs\Bmp\Example\Debug\Example.exe
       Manifest:
         C:\Program Files (x86)\Microsoft SDKs\Windows\v7.0A\bin\mt.exe /nologo /verbose /outputresource:"C:\random-fiuba-game\randomgame\libs\Bmp\Example\Debug\Example.exe;#1" /manifest Debug\Example.exe.intermediate.manifest
       FinalizeBuildStatus:
         Deleting file "Debug\Example.unsuccessfulbuild".
         Touching "Debug\Example.lastbuildstate".
     1>Done Building Project "C:\random-fiuba-game\randomgame\libs\Bmp\Example\Example\Example.vcxproj" (build target(s)).

Build succeeded.

Time Elapsed 00:00:01.76
