Build started 02/04/2014 05:02:32 p.m..
     1>Project "C:\random-fiuba-game\randomgame\libs\Bmp\Example\Example\Example.vcxproj" on node 2 (build target(s)).
     1>InitializeBuildStatus:
         Creating "Debug\Example.unsuccessfulbuild" because "AlwaysCreate" was specified.
       ClCompile:
         c:\Program Files (x86)\Microsoft Visual Studio 10.0\VC\bin\CL.exe /c /ZI /nologo /W3 /WX- /Od /Oy- /D WIN32 /D _DEBUG /D _CONSOLE /D _UNICODE /D UNICODE /Gm /EHsc /RTC1 /MDd /GS /fp:precise /Zc:wchar_t /Zc:forScope /Fo"Debug\\" /Fd"Debug\vc100.pdb" /Gd /TP /analyze- /errorReport:prompt ..\..\main.cpp
         main.cpp
       ManifestResourceCompile:
         All outputs are up-to-date.
       Link:
         c:\Program Files (x86)\Microsoft Visual Studio 10.0\VC\bin\link.exe /ERRORREPORT:PROMPT /OUT:"C:\random-fiuba-game\randomgame\libs\Bmp\Example\Debug\Example.exe" /INCREMENTAL /NOLOGO kernel32.lib user32.lib gdi32.lib winspool.lib comdlg32.lib advapi32.lib shell32.lib ole32.lib oleaut32.lib uuid.lib odbc32.lib odbccp32.lib /MANIFEST /ManifestFile:"Debug\Example.exe.intermediate.manifest" /MANIFESTUAC:"level='asInvoker' uiAccess='false'" /DEBUG /PDB:"C:\random-fiuba-game\randomgame\libs\Bmp\Example\Debug\Example.pdb" /SUBSYSTEM:CONSOLE /TLBID:1 /DYNAMICBASE /NXCOMPAT /IMPLIB:"C:\random-fiuba-game\randomgame\libs\Bmp\Example\Debug\Example.lib" /MACHINE:X86 Debug\Example.exe.embed.manifest.res
         Debug\Bmp.obj
         Debug\ColorBlack.obj
         Debug\ColorBmp.obj
         Debug\ColorRgb.obj
         Debug\ColorWhite.obj
         Debug\ContourBmp.obj
         Debug\DataBmp.obj
         Debug\main.obj
         Debug\PixelBmp.obj
         Debug\Position.obj
       Manifest:
         C:\Program Files (x86)\Microsoft SDKs\Windows\v7.0A\bin\mt.exe /nologo /verbose /out:"Debug\Example.exe.embed.manifest" /manifest Debug\Example.exe.intermediate.manifest
         All outputs are up-to-date.
       LinkEmbedManifest:
         All outputs are up-to-date.
         Example.vcxproj -> C:\random-fiuba-game\randomgame\libs\Bmp\Example\Debug\Example.exe
       FinalizeBuildStatus:
         Deleting file "Debug\Example.unsuccessfulbuild".
         Touching "Debug\Example.lastbuildstate".
     1>Done Building Project "C:\random-fiuba-game\randomgame\libs\Bmp\Example\Example\Example.vcxproj" (build target(s)).

Build succeeded.

Time Elapsed 00:00:01.79
