C:\random-fiuba-game\randomgame\Debug\randomgame.pdb
C:\RANDOM-FIUBA-GAME\RANDOMGAME\RANDOMGAME\DEBUG\ADMINISTRADOR.OBJ
C:\random-fiuba-game\randomgame\randomgame\Debug\cl.command.1.tlog
C:\random-fiuba-game\randomgame\randomgame\Debug\CL.read.1.tlog
C:\random-fiuba-game\randomgame\randomgame\Debug\CL.write.1.tlog
C:\RANDOM-FIUBA-GAME\RANDOMGAME\RANDOMGAME\DEBUG\CLIENTE.OBJ
C:\RANDOM-FIUBA-GAME\RANDOMGAME\RANDOMGAME\DEBUG\DETECTOR.OBJ
C:\RANDOM-FIUBA-GAME\RANDOMGAME\RANDOMGAME\DEBUG\ELEMENTVIEW.OBJ
C:\RANDOM-FIUBA-GAME\RANDOMGAME\RANDOMGAME\DEBUG\GAMECONTROLLER.OBJ
C:\RANDOM-FIUBA-GAME\RANDOMGAME\RANDOMGAME\DEBUG\GAMEELEMENT.OBJ
C:\RANDOM-FIUBA-GAME\RANDOMGAME\RANDOMGAME\DEBUG\GAMEENGINE.OBJ
C:\RANDOM-FIUBA-GAME\RANDOMGAME\RANDOMGAME\DEBUG\GAMEENTITY.OBJ
C:\RANDOM-FIUBA-GAME\RANDOMGAME\RANDOMGAME\DEBUG\GAMEFONTS.OBJ
C:\RANDOM-FIUBA-GAME\RANDOMGAME\RANDOMGAME\DEBUG\GAMELEVEL.OBJ
C:\RANDOM-FIUBA-GAME\RANDOMGAME\RANDOMGAME\DEBUG\GAMELOOP.OBJ
C:\RANDOM-FIUBA-GAME\RANDOMGAME\RANDOMGAME\DEBUG\GAMEVIEW.OBJ
C:\random-fiuba-game\randomgame\randomgame\Debug\link.command.1.tlog
C:\random-fiuba-game\randomgame\randomgame\Debug\link.read.1.tlog
C:\random-fiuba-game\randomgame\randomgame\Debug\link.write.1.tlog
C:\RANDOM-FIUBA-GAME\RANDOMGAME\RANDOMGAME\DEBUG\LOG.OBJ
C:\RANDOM-FIUBA-GAME\RANDOMGAME\RANDOMGAME\DEBUG\MAIN.OBJ
C:\RANDOM-FIUBA-GAME\RANDOMGAME\RANDOMGAME\DEBUG\MENUVIEW.OBJ
C:\RANDOM-FIUBA-GAME\RANDOMGAME\RANDOMGAME\DEBUG\PARSERYAML.OBJ
C:\RANDOM-FIUBA-GAME\RANDOMGAME\RANDOMGAME\DEBUG\PERSISTYAML.OBJ
C:\random-fiuba-game\randomgame\randomgame\Debug\randomgame.exe.intermediate.manifest
C:\random-fiuba-game\randomgame\randomgame\Debug\randomgame.write.1.tlog
C:\RANDOM-FIUBA-GAME\RANDOMGAME\RANDOMGAME\DEBUG\SCREEN.OBJ
C:\RANDOM-FIUBA-GAME\RANDOMGAME\RANDOMGAME\DEBUG\SERVIDOR.OBJ
C:\RANDOM-FIUBA-GAME\RANDOMGAME\RANDOMGAME\DEBUG\SPRITES.OBJ
C:\RANDOM-FIUBA-GAME\RANDOMGAME\RANDOMGAME\DEBUG\TEXTURES.OBJ
C:\random-fiuba-game\randomgame\randomgame\Debug\vc100.idb
C:\RANDOM-FIUBA-GAME\RANDOMGAME\RANDOMGAME\DEBUG\VC100.PDB
