Build started 11/04/2014 09:19:49 p.m..
     1>Project "C:\random-fiuba-game\randomgame\randomgame\randomgame.vcxproj" on node 2 (build target(s)).
     1>InitializeBuildStatus:
         Creating "Debug\randomgame.unsuccessfulbuild" because "AlwaysCreate" was specified.
       ClCompile:
         c:\Program Files (x86)\Microsoft Visual Studio 10.0\VC\bin\CL.exe /c /ZI /nologo /W3 /WX- /Od /Oy- /D _MBCS /Gm /EHsc /RTC1 /MDd /GS /fp:precise /Zc:wchar_t /Zc:forScope /Fo"Debug\\" /Fd"Debug\vc100.pdb" /Gd /TP /analyze- /errorReport:prompt ..\src\Servidor\modelo\GameEngine.cpp
         GameEngine.cpp
     1>c:\random-fiuba-game\randomgame\src\servidor\modelo\physics\body.h(24): warning C4099: 'b2Vec2' : type name first seen using 'struct' now seen using 'class'
                 c:\random-fiuba-game\randomgame\libs\box2d\common\b2math.h(65) : see declaration of 'b2Vec2'
     1>c:\random-fiuba-game\randomgame\src\servidor\modelo\physics\bodies\circle.h(14): warning C4244: 'return' : conversion from 'float' to 'int', possible loss of data
     1>c:\random-fiuba-game\randomgame\src\servidor\modelo\physics\bodies\circle.h(15): warning C4244: '=' : conversion from 'int' to 'float', possible loss of data
     1>c:\program files (x86)\microsoft visual studio 10.0\vc\include\xutility(2227): warning C4996: 'std::_Copy_impl': Function call with parameters that may be unsafe - this call relies on the caller to check that the passed values are correct. To disable this warning, use -D_SCL_SECURE_NO_WARNINGS. See documentation on how to use Visual C++ 'Checked Iterators'
                 c:\program files (x86)\microsoft visual studio 10.0\vc\include\xutility(2212) : see declaration of 'std::_Copy_impl'
                 c:\random-fiuba-game\randomgame\libs\yaml-cpp\include\yaml-cpp\binary.h(32) : see reference to function template instantiation '_OutIt std::copy<const unsigned char*,unsigned char*>(_InIt,_InIt,_OutIt)' being compiled
                 with
                 [
                     _OutIt=unsigned char *,
                     _InIt=const unsigned char *
                 ]
       Link:
         c:\Program Files (x86)\Microsoft Visual Studio 10.0\VC\bin\link.exe /ERRORREPORT:PROMPT /OUT:"C:\random-fiuba-game\randomgame\Debug\randomgame.exe" /NOLOGO SDL2.lib SDL2main.lib SDL2_image.lib SDL2_mixer.lib SDL2_ttf.lib Box2D.lib "libyaml-cppmdd.lib" SDL2_gfx.lib kernel32.lib user32.lib gdi32.lib winspool.lib comdlg32.lib advapi32.lib shell32.lib ole32.lib oleaut32.lib uuid.lib odbc32.lib odbccp32.lib /MANIFEST /ManifestFile:"Debug\randomgame.exe.intermediate.manifest" /MANIFESTUAC:"level='asInvoker' uiAccess='false'" /DEBUG /PDB:"C:\random-fiuba-game\randomgame\Debug\randomgame.pdb" /SUBSYSTEM:WINDOWS /TLBID:1 /DYNAMICBASE /NXCOMPAT /IMPLIB:"C:\random-fiuba-game\randomgame\Debug\randomgame.lib" /MACHINE:X86 Debug\Event.obj
         Debug\EventP.obj
         Debug\EventQuit.obj
         Debug\EventS.obj
         Debug\CircleView.obj
         Debug\DefaultViewBuilder.obj
         Debug\EllipseView.obj
         Debug\FigureViewGroup.obj
         Debug\GameViewBuilder.obj
         Debug\PolygonView.obj
         Debug\RectangleView.obj
         Debug\TerrainView.obj
         Debug\TriangleView.obj
         Debug\ViewBuilder.obj
         Debug\b2Separator.obj
         Debug\ContourException.obj
         Debug\HandleContour.obj
         Debug\Bmp.obj
         Debug\ColorBlack.obj
         Debug\ColorBmp.obj
         Debug\ColorRgb.obj
         Debug\ColorWhite.obj
         Debug\ContourBmp.obj
         Debug\DataBmp.obj
         Debug\PixelBmp.obj
         Debug\Position.obj
         Debug\Circle.obj
         Debug\Hexagon.obj
         Debug\Pentagon.obj
         Debug\Water.obj
         Debug\TerrainProcessor.obj
         Debug\SystemManager.obj
         Debug\Cliente.obj
         Debug\Detector.obj
         Debug\GameController.obj
         Debug\Activity.obj
         Debug\Bootstrap.obj
         Debug\FigureView.obj
         Debug\GameActivity.obj
         Debug\GameException.obj
         Debug\SDLScreen.obj
         Debug\SkyView.obj
         Debug\TextureManager.obj
         Debug\TScreen.obj
         Debug\View.obj
         Debug\ViewGroup.obj
         Debug\ViewMock.obj
         Debug\WaterView.obj
         Debug\main.obj
         Debug\GameElement.obj
         Debug\GameEngine.obj
         Debug\GameEntity.obj
         Debug\GameLevel.obj
         Debug\GameLoop.obj
         Debug\Cuadrado.obj
         Debug\Triangulo.obj
         Debug\Body.obj
         Debug\ContactListener.obj
         Debug\Servidor.obj
         Debug\Log.obj
         Debug\ParserYaml.obj
         Debug\PersistYaml.obj
         Debug\Util.obj
         LINK : C:\random-fiuba-game\randomgame\Debug\randomgame.exe not found or not built by the last incremental link; performing full link
     1>MSVCRTD.lib(cinitexe.obj) : warning LNK4098: defaultlib 'msvcrt.lib' conflicts with use of other libs; use /NODEFAULTLIB:library
         randomgame.vcxproj -> C:\random-fiuba-game\randomgame\Debug\randomgame.exe
       Manifest:
         C:\Program Files (x86)\Microsoft SDKs\Windows\v7.0A\bin\mt.exe /nologo /verbose /outputresource:"C:\random-fiuba-game\randomgame\Debug\randomgame.exe;#1" /manifest Debug\randomgame.exe.intermediate.manifest
       FinalizeBuildStatus:
         Deleting file "Debug\randomgame.unsuccessfulbuild".
         Touching "Debug\randomgame.lastbuildstate".
     1>Done Building Project "C:\random-fiuba-game\randomgame\randomgame\randomgame.vcxproj" (build target(s)).

Build succeeded.

Time Elapsed 00:00:05.32
