C:\RANDOM-FIUBA-GAME\RANDOMGAME\DEBUG\RANDOMGAME.EXE
C:\RANDOM-FIUBA-GAME\RANDOMGAME\DEBUG\RANDOMGAME.ILK
C:\RANDOM-FIUBA-GAME\RANDOMGAME\DEBUG\RANDOMGAME.PDB
C:\RANDOM-FIUBA-GAME\RANDOMGAME\RANDOMGAME\DEBUG\ACTIVITY.OBJ
C:\RANDOM-FIUBA-GAME\RANDOMGAME\RANDOMGAME\DEBUG\B2SEPARATOR.OBJ
C:\RANDOM-FIUBA-GAME\RANDOMGAME\RANDOMGAME\DEBUG\BMP.OBJ
C:\RANDOM-FIUBA-GAME\RANDOMGAME\RANDOMGAME\DEBUG\BODY.OBJ
C:\RANDOM-FIUBA-GAME\RANDOMGAME\RANDOMGAME\DEBUG\BOOTSTRAP.OBJ
C:\RANDOM-FIUBA-GAME\RANDOMGAME\RANDOMGAME\DEBUG\CIRCLE.OBJ
C:\RANDOM-FIUBA-GAME\RANDOMGAME\RANDOMGAME\DEBUG\CIRCLEVIEW.OBJ
C:\random-fiuba-game\randomgame\randomgame\Debug\cl.command.1.tlog
C:\random-fiuba-game\randomgame\randomgame\Debug\CL.read.1.tlog
C:\random-fiuba-game\randomgame\randomgame\Debug\CL.write.1.tlog
C:\RANDOM-FIUBA-GAME\RANDOMGAME\RANDOMGAME\DEBUG\CLIENTE.OBJ
C:\RANDOM-FIUBA-GAME\RANDOMGAME\RANDOMGAME\DEBUG\COLORBLACK.OBJ
C:\RANDOM-FIUBA-GAME\RANDOMGAME\RANDOMGAME\DEBUG\COLORBMP.OBJ
C:\RANDOM-FIUBA-GAME\RANDOMGAME\RANDOMGAME\DEBUG\COLORRGB.OBJ
C:\RANDOM-FIUBA-GAME\RANDOMGAME\RANDOMGAME\DEBUG\COLORWHITE.OBJ
C:\RANDOM-FIUBA-GAME\RANDOMGAME\RANDOMGAME\DEBUG\CONTACTLISTENER.OBJ
C:\RANDOM-FIUBA-GAME\RANDOMGAME\RANDOMGAME\DEBUG\CONTOURBMP.OBJ
C:\RANDOM-FIUBA-GAME\RANDOMGAME\RANDOMGAME\DEBUG\CONTOUREXCEPTION.OBJ
C:\RANDOM-FIUBA-GAME\RANDOMGAME\RANDOMGAME\DEBUG\CUADRADO.OBJ
C:\RANDOM-FIUBA-GAME\RANDOMGAME\RANDOMGAME\DEBUG\DATABMP.OBJ
C:\RANDOM-FIUBA-GAME\RANDOMGAME\RANDOMGAME\DEBUG\DEFAULTVIEWBUILDER.OBJ
C:\RANDOM-FIUBA-GAME\RANDOMGAME\RANDOMGAME\DEBUG\DETECTOR.OBJ
C:\RANDOM-FIUBA-GAME\RANDOMGAME\RANDOMGAME\DEBUG\ELLIPSEVIEW.OBJ
C:\RANDOM-FIUBA-GAME\RANDOMGAME\RANDOMGAME\DEBUG\EVENT.OBJ
C:\RANDOM-FIUBA-GAME\RANDOMGAME\RANDOMGAME\DEBUG\EVENTP.OBJ
C:\RANDOM-FIUBA-GAME\RANDOMGAME\RANDOMGAME\DEBUG\EVENTQUIT.OBJ
C:\RANDOM-FIUBA-GAME\RANDOMGAME\RANDOMGAME\DEBUG\EVENTS.OBJ
C:\RANDOM-FIUBA-GAME\RANDOMGAME\RANDOMGAME\DEBUG\FIGUREVIEW.OBJ
C:\RANDOM-FIUBA-GAME\RANDOMGAME\RANDOMGAME\DEBUG\FIGUREVIEWGROUP.OBJ
C:\RANDOM-FIUBA-GAME\RANDOMGAME\RANDOMGAME\DEBUG\GAMEACTIVITY.OBJ
C:\RANDOM-FIUBA-GAME\RANDOMGAME\RANDOMGAME\DEBUG\GAMECONTROLLER.OBJ
C:\RANDOM-FIUBA-GAME\RANDOMGAME\RANDOMGAME\DEBUG\GAMEELEMENT.OBJ
C:\RANDOM-FIUBA-GAME\RANDOMGAME\RANDOMGAME\DEBUG\GAMEENGINE.OBJ
C:\RANDOM-FIUBA-GAME\RANDOMGAME\RANDOMGAME\DEBUG\GAMEENTITY.OBJ
C:\RANDOM-FIUBA-GAME\RANDOMGAME\RANDOMGAME\DEBUG\GAMEEXCEPTION.OBJ
C:\RANDOM-FIUBA-GAME\RANDOMGAME\RANDOMGAME\DEBUG\GAMELEVEL.OBJ
C:\RANDOM-FIUBA-GAME\RANDOMGAME\RANDOMGAME\DEBUG\GAMELOOP.OBJ
C:\RANDOM-FIUBA-GAME\RANDOMGAME\RANDOMGAME\DEBUG\GAMEVIEWBUILDER.OBJ
C:\RANDOM-FIUBA-GAME\RANDOMGAME\RANDOMGAME\DEBUG\HANDLECONTOUR.OBJ
C:\RANDOM-FIUBA-GAME\RANDOMGAME\RANDOMGAME\DEBUG\HEXAGON.OBJ
C:\random-fiuba-game\randomgame\randomgame\Debug\link.command.1.tlog
C:\random-fiuba-game\randomgame\randomgame\Debug\link.read.1.tlog
C:\random-fiuba-game\randomgame\randomgame\Debug\link.write.1.tlog
C:\RANDOM-FIUBA-GAME\RANDOMGAME\RANDOMGAME\DEBUG\LOG.OBJ
C:\RANDOM-FIUBA-GAME\RANDOMGAME\RANDOMGAME\DEBUG\MAIN.OBJ
C:\random-fiuba-game\randomgame\randomgame\Debug\mt.command.1.tlog
C:\random-fiuba-game\randomgame\randomgame\Debug\mt.read.1.tlog
C:\random-fiuba-game\randomgame\randomgame\Debug\mt.write.1.tlog
C:\RANDOM-FIUBA-GAME\RANDOMGAME\RANDOMGAME\DEBUG\PARSERYAML.OBJ
C:\RANDOM-FIUBA-GAME\RANDOMGAME\RANDOMGAME\DEBUG\PENTAGON.OBJ
C:\RANDOM-FIUBA-GAME\RANDOMGAME\RANDOMGAME\DEBUG\PERSISTYAML.OBJ
C:\RANDOM-FIUBA-GAME\RANDOMGAME\RANDOMGAME\DEBUG\PIXELBMP.OBJ
C:\RANDOM-FIUBA-GAME\RANDOMGAME\RANDOMGAME\DEBUG\POLYGONVIEW.OBJ
C:\RANDOM-FIUBA-GAME\RANDOMGAME\RANDOMGAME\DEBUG\POSITION.OBJ
C:\RANDOM-FIUBA-GAME\RANDOMGAME\RANDOMGAME\DEBUG\RANDOMGAME.EXE.INTERMEDIATE.MANIFEST
C:\random-fiuba-game\randomgame\randomgame\Debug\randomgame.vcxprojResolveAssemblyReference.cache
C:\random-fiuba-game\randomgame\randomgame\Debug\randomgame.write.1.tlog
C:\RANDOM-FIUBA-GAME\RANDOMGAME\RANDOMGAME\DEBUG\RECTANGLEVIEW.OBJ
C:\RANDOM-FIUBA-GAME\RANDOMGAME\RANDOMGAME\DEBUG\SDLSCREEN.OBJ
C:\RANDOM-FIUBA-GAME\RANDOMGAME\RANDOMGAME\DEBUG\SERVIDOR.OBJ
C:\RANDOM-FIUBA-GAME\RANDOMGAME\RANDOMGAME\DEBUG\SKYVIEW.OBJ
C:\RANDOM-FIUBA-GAME\RANDOMGAME\RANDOMGAME\DEBUG\SYSTEMMANAGER.OBJ
C:\RANDOM-FIUBA-GAME\RANDOMGAME\RANDOMGAME\DEBUG\TERRAINPROCESSOR.OBJ
C:\RANDOM-FIUBA-GAME\RANDOMGAME\RANDOMGAME\DEBUG\TERRAINVIEW.OBJ
C:\RANDOM-FIUBA-GAME\RANDOMGAME\RANDOMGAME\DEBUG\TEXTUREMANAGER.OBJ
C:\RANDOM-FIUBA-GAME\RANDOMGAME\RANDOMGAME\DEBUG\TRIANGLEVIEW.OBJ
C:\RANDOM-FIUBA-GAME\RANDOMGAME\RANDOMGAME\DEBUG\TRIANGULO.OBJ
C:\RANDOM-FIUBA-GAME\RANDOMGAME\RANDOMGAME\DEBUG\TSCREEN.OBJ
C:\RANDOM-FIUBA-GAME\RANDOMGAME\RANDOMGAME\DEBUG\UTIL.OBJ
C:\random-fiuba-game\randomgame\randomgame\Debug\vc100.idb
C:\RANDOM-FIUBA-GAME\RANDOMGAME\RANDOMGAME\DEBUG\VC100.PDB
C:\RANDOM-FIUBA-GAME\RANDOMGAME\RANDOMGAME\DEBUG\VIEW.OBJ
C:\RANDOM-FIUBA-GAME\RANDOMGAME\RANDOMGAME\DEBUG\VIEWBUILDER.OBJ
C:\RANDOM-FIUBA-GAME\RANDOMGAME\RANDOMGAME\DEBUG\VIEWGROUP.OBJ
C:\RANDOM-FIUBA-GAME\RANDOMGAME\RANDOMGAME\DEBUG\VIEWMOCK.OBJ
C:\RANDOM-FIUBA-GAME\RANDOMGAME\RANDOMGAME\DEBUG\WATER.OBJ
C:\RANDOM-FIUBA-GAME\RANDOMGAME\RANDOMGAME\DEBUG\WATERVIEW.OBJ
