Build started 20/03/2014 07:43:11 p.m..
     1>Project "C:\random-fiuba-game\randomgame\randomgame\randomgame.vcxproj" on node 2 (build target(s)).
     1>InitializeBuildStatus:
         Creating "Debug\randomgame.unsuccessfulbuild" because "AlwaysCreate" was specified.
       ClCompile:
         c:\Program Files (x86)\Microsoft Visual Studio 10.0\VC\bin\CL.exe /c /ZI /nologo /W3 /WX- /Od /Oy- /D _MBCS /Gm /EHsc /RTC1 /MDd /GS /fp:precise /Zc:wchar_t /Zc:forScope /Fo"Debug\\" /Fd"Debug\vc100.pdb" /Gd /TP /analyze- /errorReport:prompt ..\src\Administrador.cpp ..\src\Cliente\Cliente.cpp ..\src\Cliente\controlador\Detector.cpp ..\src\Cliente\controlador\GameController.cpp ..\src\Cliente\vista\ElementView.cpp ..\src\Cliente\vista\GameFonts.cpp ..\src\Cliente\vista\GameView.cpp ..\src\Cliente\vista\MenuView.cpp ..\src\Cliente\vista\Screen.cpp ..\src\Cliente\vista\Sprites.cpp ..\src\Cliente\vista\Textures.cpp ..\src\main.cpp ..\src\Servidor\modelo\GameElement.cpp ..\src\Servidor\modelo\GameEngine.cpp ..\src\Servidor\modelo\GameEntity.cpp ..\src\Servidor\modelo\GameLevel.cpp ..\src\Servidor\modelo\GameLoop.cpp ..\src\Servidor\Servidor.cpp ..\src\utils\Log.cpp ..\src\utils\ParserYaml.cpp ..\src\utils\PersistYaml.cpp
         PersistYaml.cpp
     1>c:\random-fiuba-game\randomgame\src\utils\persistyaml.cpp(68): warning C4101: 'i' : unreferenced local variable
     1>c:\program files (x86)\microsoft visual studio 10.0\vc\include\xutility(2227): warning C4996: 'std::_Copy_impl': Function call with parameters that may be unsafe - this call relies on the caller to check that the passed values are correct. To disable this warning, use -D_SCL_SECURE_NO_WARNINGS. See documentation on how to use Visual C++ 'Checked Iterators'
                 c:\program files (x86)\microsoft visual studio 10.0\vc\include\xutility(2212) : see declaration of 'std::_Copy_impl'
                 c:\random-fiuba-game\randomgame\libs\yaml-cpp\include\yaml-cpp\binary.h(32) : see reference to function template instantiation '_OutIt std::copy<const unsigned char*,unsigned char*>(_InIt,_InIt,_OutIt)' being compiled
                 with
                 [
                     _OutIt=unsigned char *,
                     _InIt=const unsigned char *
                 ]
         ParserYaml.cpp
     1>c:\random-fiuba-game\randomgame\src\utils\parseryaml.cpp(372): warning C4101: 'x' : unreferenced local variable
     1>c:\random-fiuba-game\randomgame\src\utils\parseryaml.cpp(385): warning C4018: '<' : signed/unsigned mismatch
     1>c:\program files (x86)\microsoft visual studio 10.0\vc\include\xutility(2227): warning C4996: 'std::_Copy_impl': Function call with parameters that may be unsafe - this call relies on the caller to check that the passed values are correct. To disable this warning, use -D_SCL_SECURE_NO_WARNINGS. See documentation on how to use Visual C++ 'Checked Iterators'
                 c:\program files (x86)\microsoft visual studio 10.0\vc\include\xutility(2212) : see declaration of 'std::_Copy_impl'
                 c:\random-fiuba-game\randomgame\libs\yaml-cpp\include\yaml-cpp\binary.h(32) : see reference to function template instantiation '_OutIt std::copy<const unsigned char*,unsigned char*>(_InIt,_InIt,_OutIt)' being compiled
                 with
                 [
                     _OutIt=unsigned char *,
                     _InIt=const unsigned char *
                 ]
     1>c:\random-fiuba-game\randomgame\libs\yaml-cpp\include\yaml-cpp\conversion.h(61): warning C4146: unary minus operator applied to unsigned type, result still unsigned
                 c:\random-fiuba-game\randomgame\libs\yaml-cpp\include\yaml-cpp\nodereadimpl.h(82) : see reference to function template instantiation 'bool YAML::Convert<T>(const std::string &,T &,void *)' being compiled
                 with
                 [
                     T=unsigned int
                 ]
                 c:\random-fiuba-game\randomgame\libs\yaml-cpp\include\yaml-cpp\nodereadimpl.h(35) : see reference to function template instantiation 'bool YAML::ConvertScalar<T>(const YAML::Node &,T &)' being compiled
                 with
                 [
                     T=unsigned int
                 ]
                 c:\random-fiuba-game\randomgame\libs\yaml-cpp\include\yaml-cpp\nodereadimpl.h(71) : see reference to function template instantiation 'bool YAML::read_impl<true>::read<T>(const YAML::Node &,T &)' being compiled
                 with
                 [
                     T=unsigned int
                 ]
                 c:\random-fiuba-game\randomgame\libs\yaml-cpp\include\yaml-cpp\nodeimpl.h(47) : see reference to function template instantiation 'bool YAML::Node::Read<T>(T &) const' being compiled
                 with
                 [
                     T=unsigned int
                 ]
                 c:\random-fiuba-game\randomgame\libs\yaml-cpp\include\yaml-cpp\nodeimpl.h(37) : see reference to function template instantiation 'const YAML::Node *YAML::Node::FindValueForKey<T>(const T &) const' being compiled
                 with
                 [
                     T=unsigned int
                 ]
                 c:\random-fiuba-game\randomgame\libs\yaml-cpp\include\yaml-cpp\nodeimpl.h(58) : see reference to function template instantiation 'const YAML::Node *YAML::Node::FindValue<T>(const T &) const' being compiled
                 with
                 [
                     T=unsigned int
                 ]
                 c:\random-fiuba-game\randomgame\libs\yaml-cpp\include\yaml-cpp\nodeimpl.h(65) : see reference to function template instantiation 'const YAML::Node &YAML::Node::GetValue<T>(const T &) const' being compiled
                 with
                 [
                     T=unsigned int
                 ]
                 c:\random-fiuba-game\randomgame\src\utils\parseryaml.cpp(99) : see reference to function template instantiation 'const YAML::Node &YAML::Node::operator []<unsigned int>(const T &) const' being compiled
                 with
                 [
                     T=unsigned int
                 ]
         Log.cpp
     1>c:\random-fiuba-game\randomgame\src\utils\log.cpp(86): warning C4996: 'localtime': This function or variable may be unsafe. Consider using localtime_s instead. To disable deprecation, use _CRT_SECURE_NO_WARNINGS. See online help for details.
                 c:\program files (x86)\microsoft visual studio 10.0\vc\include\time.inl(112) : see declaration of 'localtime'
         Servidor.cpp
     1>c:\program files (x86)\microsoft visual studio 10.0\vc\include\xutility(2227): warning C4996: 'std::_Copy_impl': Function call with parameters that may be unsafe - this call relies on the caller to check that the passed values are correct. To disable this warning, use -D_SCL_SECURE_NO_WARNINGS. See documentation on how to use Visual C++ 'Checked Iterators'
                 c:\program files (x86)\microsoft visual studio 10.0\vc\include\xutility(2212) : see declaration of 'std::_Copy_impl'
                 c:\random-fiuba-game\randomgame\libs\yaml-cpp\include\yaml-cpp\binary.h(32) : see reference to function template instantiation '_OutIt std::copy<const unsigned char*,unsigned char*>(_InIt,_InIt,_OutIt)' being compiled
                 with
                 [
                     _OutIt=unsigned char *,
                     _InIt=const unsigned char *
                 ]
         GameLoop.cpp
         GameLevel.cpp
     1>c:\random-fiuba-game\randomgame\src\servidor\modelo\gamelevel.cpp(27): warning C4244: 'argument' : conversion from 'double' to 'float', possible loss of data
     1>c:\program files (x86)\microsoft visual studio 10.0\vc\include\xutility(2227): warning C4996: 'std::_Copy_impl': Function call with parameters that may be unsafe - this call relies on the caller to check that the passed values are correct. To disable this warning, use -D_SCL_SECURE_NO_WARNINGS. See documentation on how to use Visual C++ 'Checked Iterators'
                 c:\program files (x86)\microsoft visual studio 10.0\vc\include\xutility(2212) : see declaration of 'std::_Copy_impl'
                 c:\random-fiuba-game\randomgame\libs\yaml-cpp\include\yaml-cpp\binary.h(32) : see reference to function template instantiation '_OutIt std::copy<const unsigned char*,unsigned char*>(_InIt,_InIt,_OutIt)' being compiled
                 with
                 [
                     _OutIt=unsigned char *,
                     _InIt=const unsigned char *
                 ]
         GameEntity.cpp
         GameEngine.cpp
     1>c:\program files (x86)\microsoft visual studio 10.0\vc\include\xutility(2227): warning C4996: 'std::_Copy_impl': Function call with parameters that may be unsafe - this call relies on the caller to check that the passed values are correct. To disable this warning, use -D_SCL_SECURE_NO_WARNINGS. See documentation on how to use Visual C++ 'Checked Iterators'
                 c:\program files (x86)\microsoft visual studio 10.0\vc\include\xutility(2212) : see declaration of 'std::_Copy_impl'
                 c:\random-fiuba-game\randomgame\libs\yaml-cpp\include\yaml-cpp\binary.h(32) : see reference to function template instantiation '_OutIt std::copy<const unsigned char*,unsigned char*>(_InIt,_InIt,_OutIt)' being compiled
                 with
                 [
                     _OutIt=unsigned char *,
                     _InIt=const unsigned char *
                 ]
         GameElement.cpp
         main.cpp
     1>c:\program files (x86)\microsoft visual studio 10.0\vc\include\xutility(2227): warning C4996: 'std::_Copy_impl': Function call with parameters that may be unsafe - this call relies on the caller to check that the passed values are correct. To disable this warning, use -D_SCL_SECURE_NO_WARNINGS. See documentation on how to use Visual C++ 'Checked Iterators'
                 c:\program files (x86)\microsoft visual studio 10.0\vc\include\xutility(2212) : see declaration of 'std::_Copy_impl'
                 c:\random-fiuba-game\randomgame\libs\yaml-cpp\include\yaml-cpp\binary.h(32) : see reference to function template instantiation '_OutIt std::copy<const unsigned char*,unsigned char*>(_InIt,_InIt,_OutIt)' being compiled
                 with
                 [
                     _OutIt=unsigned char *,
                     _InIt=const unsigned char *
                 ]
         Textures.cpp
     1>c:\random-fiuba-game\randomgame\src\cliente\vista\textures.cpp(159): warning C4244: 'initializing' : conversion from 'float' to 'int', possible loss of data
     1>c:\random-fiuba-game\randomgame\src\cliente\vista\textures.cpp(160): warning C4244: 'initializing' : conversion from 'float' to 'int', possible loss of data
     1>c:\random-fiuba-game\randomgame\src\cliente\vista\textures.cpp(217): warning C4101: 'b' : unreferenced local variable
     1>c:\random-fiuba-game\randomgame\src\cliente\vista\textures.cpp(217): warning C4101: 'g' : unreferenced local variable
     1>c:\random-fiuba-game\randomgame\src\cliente\vista\textures.cpp(217): warning C4101: 'r' : unreferenced local variable
         Sprites.cpp
     1>c:\random-fiuba-game\randomgame\src\cliente\vista\sprites.cpp(14): warning C4018: '<' : signed/unsigned mismatch
         Screen.cpp
         MenuView.cpp
     1>c:\random-fiuba-game\randomgame\src\cliente\vista\menuview.cpp(13): warning C4018: '<' : signed/unsigned mismatch
     1>c:\random-fiuba-game\randomgame\src\cliente\vista\menuview.cpp(139): warning C4018: '>' : signed/unsigned mismatch
     1>c:\random-fiuba-game\randomgame\src\cliente\vista\menuview.cpp(160): warning C4018: '<' : signed/unsigned mismatch
         GameView.cpp
     1>c:\random-fiuba-game\randomgame\src\cliente\vista\gameview.cpp(177): warning C4244: 'argument' : conversion from 'int' to 'float', possible loss of data
     1>c:\program files (x86)\microsoft visual studio 10.0\vc\include\xutility(2227): warning C4996: 'std::_Copy_impl': Function call with parameters that may be unsafe - this call relies on the caller to check that the passed values are correct. To disable this warning, use -D_SCL_SECURE_NO_WARNINGS. See documentation on how to use Visual C++ 'Checked Iterators'
                 c:\program files (x86)\microsoft visual studio 10.0\vc\include\xutility(2212) : see declaration of 'std::_Copy_impl'
                 c:\random-fiuba-game\randomgame\libs\yaml-cpp\include\yaml-cpp\binary.h(32) : see reference to function template instantiation '_OutIt std::copy<const unsigned char*,unsigned char*>(_InIt,_InIt,_OutIt)' being compiled
                 with
                 [
                     _OutIt=unsigned char *,
                     _InIt=const unsigned char *
                 ]
         GameFonts.cpp
         ElementView.cpp
     1>c:\random-fiuba-game\randomgame\src\cliente\vista\elementview.cpp(46): warning C4244: 'argument' : conversion from 'float' to 'int', possible loss of data
     1>c:\random-fiuba-game\randomgame\src\cliente\vista\elementview.cpp(46): warning C4244: 'argument' : conversion from 'float' to 'int', possible loss of data
         GameController.cpp
     1>c:\random-fiuba-game\randomgame\src\cliente\controlador\gamecontroller.cpp(16): warning C4244: 'argument' : conversion from 'double' to 'float', possible loss of data
     1>c:\random-fiuba-game\randomgame\src\cliente\controlador\gamecontroller.cpp(62): warning C4244: 'argument' : conversion from 'double' to 'float', possible loss of data
     1>c:\random-fiuba-game\randomgame\src\cliente\controlador\gamecontroller.cpp(62): warning C4244: 'argument' : conversion from 'double' to 'float', possible loss of data
     1>c:\random-fiuba-game\randomgame\src\cliente\controlador\gamecontroller.cpp(104): warning C4244: 'initializing' : conversion from 'double' to 'float', possible loss of data
     1>c:\random-fiuba-game\randomgame\src\cliente\controlador\gamecontroller.cpp(107): warning C4244: 'initializing' : conversion from 'double' to 'float', possible loss of data
     1>c:\random-fiuba-game\randomgame\src\cliente\controlador\gamecontroller.cpp(115): warning C4244: 'argument' : conversion from 'float' to 'int', possible loss of data
     1>c:\random-fiuba-game\randomgame\src\cliente\controlador\gamecontroller.cpp(115): warning C4244: 'argument' : conversion from 'float' to 'int', possible loss of data
     1>c:\random-fiuba-game\randomgame\src\cliente\controlador\gamecontroller.cpp(189): warning C4244: 'initializing' : conversion from 'double' to 'float', possible loss of data
     1>c:\random-fiuba-game\randomgame\src\cliente\controlador\gamecontroller.cpp(235): warning C4244: 'argument' : conversion from 'float' to 'int', possible loss of data
     1>c:\random-fiuba-game\randomgame\src\cliente\controlador\gamecontroller.cpp(267): warning C4244: 'argument' : conversion from 'float' to 'int', possible loss of data
     1>c:\random-fiuba-game\randomgame\src\cliente\controlador\gamecontroller.cpp(350): warning C4018: '>' : signed/unsigned mismatch
     1>c:\random-fiuba-game\randomgame\src\cliente\controlador\gamecontroller.cpp(373): warning C4244: 'argument' : conversion from 'int' to 'float', possible loss of data
     1>c:\random-fiuba-game\randomgame\src\cliente\controlador\gamecontroller.cpp(373): warning C4244: 'argument' : conversion from 'int' to 'float', possible loss of data
     1>c:\program files (x86)\microsoft visual studio 10.0\vc\include\xutility(2227): warning C4996: 'std::_Copy_impl': Function call with parameters that may be unsafe - this call relies on the caller to check that the passed values are correct. To disable this warning, use -D_SCL_SECURE_NO_WARNINGS. See documentation on how to use Visual C++ 'Checked Iterators'
                 c:\program files (x86)\microsoft visual studio 10.0\vc\include\xutility(2212) : see declaration of 'std::_Copy_impl'
                 c:\random-fiuba-game\randomgame\libs\yaml-cpp\include\yaml-cpp\binary.h(32) : see reference to function template instantiation '_OutIt std::copy<const unsigned char*,unsigned char*>(_InIt,_InIt,_OutIt)' being compiled
                 with
                 [
                     _OutIt=unsigned char *,
                     _InIt=const unsigned char *
                 ]
         Detector.cpp
         Cliente.cpp
     1>c:\program files (x86)\microsoft visual studio 10.0\vc\include\xutility(2227): warning C4996: 'std::_Copy_impl': Function call with parameters that may be unsafe - this call relies on the caller to check that the passed values are correct. To disable this warning, use -D_SCL_SECURE_NO_WARNINGS. See documentation on how to use Visual C++ 'Checked Iterators'
                 c:\program files (x86)\microsoft visual studio 10.0\vc\include\xutility(2212) : see declaration of 'std::_Copy_impl'
                 c:\random-fiuba-game\randomgame\libs\yaml-cpp\include\yaml-cpp\binary.h(32) : see reference to function template instantiation '_OutIt std::copy<const unsigned char*,unsigned char*>(_InIt,_InIt,_OutIt)' being compiled
                 with
                 [
                     _OutIt=unsigned char *,
                     _InIt=const unsigned char *
                 ]
         Generating Code...
     1>c:\random-fiuba-game\randomgame\src\utils\parseryaml.cpp(411): warning C4715: 'ParserYaml::getElementType' : not all control paths return a value
     1>c:\random-fiuba-game\randomgame\src\utils\parseryaml.cpp(623): warning C4717: 'ParserYaml::getElemNombre' : recursive on all control paths, function will cause runtime stack overflow
     1>c:\random-fiuba-game\randomgame\src\utils\parseryaml.cpp(624): warning C4717: 'ParserYaml::getElemX' : recursive on all control paths, function will cause runtime stack overflow
     1>c:\random-fiuba-game\randomgame\src\utils\parseryaml.cpp(625): warning C4717: 'ParserYaml::getElemY' : recursive on all control paths, function will cause runtime stack overflow
     1>c:\random-fiuba-game\randomgame\src\utils\parseryaml.cpp(626): warning C4717: 'ParserYaml::getElemAngulo' : recursive on all control paths, function will cause runtime stack overflow
         Compiling...
         Administrador.cpp
     1>c:\program files (x86)\microsoft visual studio 10.0\vc\include\xutility(2227): warning C4996: 'std::_Copy_impl': Function call with parameters that may be unsafe - this call relies on the caller to check that the passed values are correct. To disable this warning, use -D_SCL_SECURE_NO_WARNINGS. See documentation on how to use Visual C++ 'Checked Iterators'
                 c:\program files (x86)\microsoft visual studio 10.0\vc\include\xutility(2212) : see declaration of 'std::_Copy_impl'
                 c:\random-fiuba-game\randomgame\libs\yaml-cpp\include\yaml-cpp\binary.h(32) : see reference to function template instantiation '_OutIt std::copy<const unsigned char*,unsigned char*>(_InIt,_InIt,_OutIt)' being compiled
                 with
                 [
                     _OutIt=unsigned char *,
                     _InIt=const unsigned char *
                 ]
         Generating Code...
       Link:
         c:\Program Files (x86)\Microsoft Visual Studio 10.0\VC\bin\link.exe /ERRORREPORT:PROMPT /OUT:"C:\random-fiuba-game\randomgame\Debug\randomgame.exe" /NOLOGO SDL2.lib SDL2main.lib SDL2_image.lib SDL2_mixer.lib SDL2_ttf.lib Box2D.lib "libyaml-cppmdd.lib" kernel32.lib user32.lib gdi32.lib winspool.lib comdlg32.lib advapi32.lib shell32.lib ole32.lib oleaut32.lib uuid.lib odbc32.lib odbccp32.lib /MANIFEST /ManifestFile:"Debug\randomgame.exe.intermediate.manifest" /MANIFESTUAC:"level='asInvoker' uiAccess='false'" /DEBUG /PDB:"C:\random-fiuba-game\randomgame\Debug\randomgame.pdb" /SUBSYSTEM:WINDOWS /TLBID:1 /DYNAMICBASE /NXCOMPAT /IMPLIB:"C:\random-fiuba-game\randomgame\Debug\randomgame.lib" /MACHINE:X86 Debug\Administrador.obj
         Debug\Cliente.obj
         Debug\Detector.obj
         Debug\GameController.obj
         Debug\ElementView.obj
         Debug\GameFonts.obj
         Debug\GameView.obj
         Debug\MenuView.obj
         Debug\Screen.obj
         Debug\Sprites.obj
         Debug\Textures.obj
         Debug\main.obj
         Debug\GameElement.obj
         Debug\GameEngine.obj
         Debug\GameEntity.obj
         Debug\GameLevel.obj
         Debug\GameLoop.obj
         Debug\Servidor.obj
         Debug\Log.obj
         Debug\ParserYaml.obj
         Debug\PersistYaml.obj
     1>MSVCRTD.lib(cinitexe.obj) : warning LNK4098: defaultlib 'msvcrt.lib' conflicts with use of other libs; use /NODEFAULTLIB:library
         randomgame.vcxproj -> C:\random-fiuba-game\randomgame\Debug\randomgame.exe
       Manifest:
         C:\Program Files (x86)\Microsoft SDKs\Windows\v7.0A\bin\mt.exe /nologo /verbose /outputresource:"C:\random-fiuba-game\randomgame\Debug\randomgame.exe;#1" /manifest Debug\randomgame.exe.intermediate.manifest
       FinalizeBuildStatus:
         Deleting file "Debug\randomgame.unsuccessfulbuild".
         Touching "Debug\randomgame.lastbuildstate".
     1>Done Building Project "C:\random-fiuba-game\randomgame\randomgame\randomgame.vcxproj" (build target(s)).

Build succeeded.

Time Elapsed 00:00:27.81
